<?xml version="1.0" encoding="UTF-8"?>
<!-- Generated by org.testng.reporters.JUnitReportReporter -->
<testsuite skipped="0" hostname="DESKTOP-0MFRJ4E" name="mahetest.csdtest" tests="1" failures="0" timestamp="2019-09-11T13:54:54 IST" time="6.426" errors="0">
  <testcase name="test" time="6.426" classname="mahetest.csdtest"/>
</testsuite> <!-- mahetest.csdtest -->
